Arguments: 
  /usr/local/Cellar/node/13.6.0/bin/node /usr/local/Cellar/yarn/1.21.1/libexec/bin/yarn.js add remark

PATH: 
  /usr/local/bin:/usr/bin:/bin:/usr/sbin:/sbin:/Library/Frameworks/Mono.framework/Versions/Current/Commands

Yarn version: 
  1.21.1

Node version: 
  13.6.0

Platform: 
  darwin x64

Trace: 
  SyntaxError: /Users/tomasreimers/Desktop/code/blog/package.json: Unexpected token } in JSON at position 58
      at JSON.parse (<anonymous>)
      at /usr/local/Cellar/yarn/1.21.1/libexec/lib/cli.js:1625:59
      at Generator.next (<anonymous>)
      at step (/usr/local/Cellar/yarn/1.21.1/libexec/lib/cli.js:310:30)
      at /usr/local/Cellar/yarn/1.21.1/libexec/lib/cli.js:321:13

npm manifest: 
  {
    "name": "implementationdetail",
    "version": "1.0.0",
  }

yarn manifest: 
  No manifest

Lockfile: 
  No lockfile
